<?xml version="1.0"?>
<yandex>
  <!-- Profiles of settings. -->
  <profiles>
    <!-- Profile that allows read & write queries. -->
    <readwrite>
      <readonly>0</readonly>
    </readwrite>
  </profiles>

  <!-- Users and ACL. -->
  <users>
    <testu1>
      <password>qwerty-321</password>
      <networks>
        <ip>::/0</ip>
      </networks>
      <!-- Settings profile for user. -->
      <profile>readwrite</profile>
      <!-- Quota for user. -->
      <quota>default</quota>
    </testu1>
  </users>
</yandex>

